app/build/intermediates/manifest_merge_blame_file/debug/manifest-merger-blame-debug-report.txt
1<?xml version="1.0" encoding="utf-8"?>
2<manifest xmlns:android="http://schemas.android.com/apk/res/android"
3    package="com.demo"
4    android:versionCode="1"
5    android:versionName="1.0" >
6
7    <uses-sdk
8        android:minSdkVersion="29"
8-->src\main\AndroidManifest.xml
9        android:targetSdkVersion="33" />
9-->src\main\AndroidManifest.xml
10
11    <uses-permission android:name="android.permission.INTERNET" />
11-->src\main\AndroidManifest.xml:5:5-67
11-->src\main\AndroidManifest.xml:5:22-64
12    <uses-permission android:name="android.permission.ACCESS_NETWORK_STATE" />
12-->src\main\AndroidManifest.xml:6:5-79
12-->src\main\AndroidManifest.xml:6:22-76
13    <uses-permission android:name="android.permission.ACCESS_FINE_LOCATION" />
13-->src\main\AndroidManifest.xml:7:5-79
13-->src\main\AndroidManifest.xml:7:22-76
14    <uses-permission android:name="android.permission.ACCESS_COARSE_LOCATION" />
14-->src\main\AndroidManifest.xml:8:5-81
14-->src\main\AndroidManifest.xml:8:22-78
15    <uses-permission android:name="android.permission.ACCESS_WIFI_STATE" />
15-->[com.google.android.libraries.places:places:3.1.0] AndroidManifest.xml:11:5-76
15-->[com.google.android.libraries.places:places:3.1.0] AndroidManifest.xml:11:22-73
16
17    <uses-feature
17-->[com.google.android.gms:play-services-maps:17.0.0] AndroidManifest.xml:26:5-28:35
18        android:glEsVersion="0x00020000"
18-->[com.google.android.gms:play-services-maps:17.0.0] AndroidManifest.xml:27:9-41
19        android:required="true" />
19-->[com.google.android.gms:play-services-maps:17.0.0] AndroidManifest.xml:28:9-32
20
21    <permission
21-->[androidx.core:core:1.10.0] AndroidManifest.xml:22:5-24:47
22        android:name="com.demo.DYNAMIC_RECEIVER_NOT_EXPORTED_PERMISSION"
22-->[androidx.core:core:1.10.0] AndroidManifest.xml:23:9-81
23        android:protectionLevel="signature" />
23-->[androidx.core:core:1.10.0] AndroidManifest.xml:24:9-44
24
25    <uses-permission android:name="com.demo.DYNAMIC_RECEIVER_NOT_EXPORTED_PERMISSION" />
25-->[androidx.core:core:1.10.0] AndroidManifest.xml:26:5-97
25-->[androidx.core:core:1.10.0] AndroidManifest.xml:26:22-94
26
27    <application
27-->src\main\AndroidManifest.xml:10:5-41:19
28        android:allowBackup="false"
28-->src\main\AndroidManifest.xml:11:9-36
29        android:appComponentFactory="androidx.core.app.CoreComponentFactory"
29-->[androidx.core:core:1.10.0] AndroidManifest.xml:28:18-86
30        android:dataExtractionRules="@xml/data_extraction_rules"
30-->src\main\AndroidManifest.xml:12:9-65
31        android:debuggable="true"
32        android:extractNativeLibs="false"
33        android:fullBackupContent="@xml/backup_rules"
33-->src\main\AndroidManifest.xml:13:9-54
34        android:icon="@mipmap/ic_launcher"
34-->src\main\AndroidManifest.xml:14:9-43
35        android:label="@string/app_name"
35-->src\main\AndroidManifest.xml:15:9-41
36        android:roundIcon="@mipmap/ic_launcher_round"
36-->src\main\AndroidManifest.xml:16:9-54
37        android:supportsRtl="true"
37-->src\main\AndroidManifest.xml:17:9-35
38        android:testOnly="true"
39        android:theme="@style/Theme.Demo" >
39-->src\main\AndroidManifest.xml:18:9-42
40        <activity
40-->src\main\AndroidManifest.xml:21:9-31:20
41            android:name="com.demo.splash.SplashActivity"
41-->src\main\AndroidManifest.xml:22:13-50
42            android:exported="true"
42-->src\main\AndroidManifest.xml:23:13-36
43            android:screenOrientation="portrait"
43-->src\main\AndroidManifest.xml:24:13-49
44            android:theme="@style/AppTheme" >
44-->src\main\AndroidManifest.xml:25:13-44
45            <intent-filter>
45-->src\main\AndroidManifest.xml:26:13-30:29
46                <action android:name="android.intent.action.MAIN" />
46-->src\main\AndroidManifest.xml:27:17-69
46-->src\main\AndroidManifest.xml:27:25-66
47
48                <category android:name="android.intent.category.LAUNCHER" />
48-->src\main\AndroidManifest.xml:29:17-77
48-->src\main\AndroidManifest.xml:29:27-74
49            </intent-filter>
50        </activity>
51        <activity
51-->src\main\AndroidManifest.xml:33:9-39:20
52            android:name="com.demo.login.LoginActivity"
52-->src\main\AndroidManifest.xml:34:13-48
53            android:exported="true"
53-->src\main\AndroidManifest.xml:35:13-36
54            android:screenOrientation="portrait"
54-->src\main\AndroidManifest.xml:36:13-49
55            android:theme="@style/AppTheme" >
55-->src\main\AndroidManifest.xml:37:13-44
56        </activity>
57        <activity
57-->[com.google.android.libraries.places:places:3.1.0] AndroidManifest.xml:15:9-21:20
58            android:name="com.google.android.libraries.places.widget.AutocompleteActivity"
58-->[com.google.android.libraries.places:places:3.1.0] AndroidManifest.xml:16:13-91
59            android:exported="false"
59-->[com.google.android.libraries.places:places:3.1.0] AndroidManifest.xml:17:13-37
60            android:label="@string/places_autocomplete_label"
60-->[com.google.android.libraries.places:places:3.1.0] AndroidManifest.xml:18:13-62
61            android:theme="@style/PlacesAutocompleteOverlay"
61-->[com.google.android.libraries.places:places:3.1.0] AndroidManifest.xml:19:13-61
62            android:windowSoftInputMode="adjustResize" >
62-->[com.google.android.libraries.places:places:3.1.0] AndroidManifest.xml:20:13-55
63        </activity> <!-- Needs to be explicitly declared on P+ -->
64        <uses-library
64-->[com.google.android.gms:play-services-maps:17.0.0] AndroidManifest.xml:33:9-35:40
65            android:name="org.apache.http.legacy"
65-->[com.google.android.gms:play-services-maps:17.0.0] AndroidManifest.xml:34:13-50
66            android:required="false" />
66-->[com.google.android.gms:play-services-maps:17.0.0] AndroidManifest.xml:35:13-37
67
68        <activity
68-->[com.google.android.gms:play-services-base:18.0.1] AndroidManifest.xml:20:9-22:45
69            android:name="com.google.android.gms.common.api.GoogleApiActivity"
69-->[com.google.android.gms:play-services-base:18.0.1] AndroidManifest.xml:20:19-85
70            android:exported="false"
70-->[com.google.android.gms:play-services-base:18.0.1] AndroidManifest.xml:22:19-43
71            android:theme="@android:style/Theme.Translucent.NoTitleBar" />
71-->[com.google.android.gms:play-services-base:18.0.1] AndroidManifest.xml:21:19-78
72
73        <meta-data
73-->[com.google.android.gms:play-services-basement:18.0.0] AndroidManifest.xml:21:9-23:69
74            android:name="com.google.android.gms.version"
74-->[com.google.android.gms:play-services-basement:18.0.0] AndroidManifest.xml:22:13-58
75            android:value="@integer/google_play_services_version" />
75-->[com.google.android.gms:play-services-basement:18.0.0] AndroidManifest.xml:23:13-66
76
77        <provider
77-->[androidx.emoji2:emoji2:1.2.0] AndroidManifest.xml:24:9-32:20
78            android:name="androidx.startup.InitializationProvider"
78-->[androidx.emoji2:emoji2:1.2.0] AndroidManifest.xml:25:13-67
79            android:authorities="com.demo.androidx-startup"
79-->[androidx.emoji2:emoji2:1.2.0] AndroidManifest.xml:26:13-68
80            android:exported="false" >
80-->[androidx.emoji2:emoji2:1.2.0] AndroidManifest.xml:27:13-37
81            <meta-data
81-->[androidx.emoji2:emoji2:1.2.0] AndroidManifest.xml:29:13-31:52
82                android:name="androidx.emoji2.text.EmojiCompatInitializer"
82-->[androidx.emoji2:emoji2:1.2.0] AndroidManifest.xml:30:17-75
83                android:value="androidx.startup" />
83-->[androidx.emoji2:emoji2:1.2.0] AndroidManifest.xml:31:17-49
84            <meta-data
84-->[androidx.lifecycle:lifecycle-process:2.6.1] AndroidManifest.xml:29:13-31:52
85                android:name="androidx.lifecycle.ProcessLifecycleInitializer"
85-->[androidx.lifecycle:lifecycle-process:2.6.1] AndroidManifest.xml:30:17-78
86                android:value="androidx.startup" />
86-->[androidx.lifecycle:lifecycle-process:2.6.1] AndroidManifest.xml:31:17-49
87            <meta-data
87-->[androidx.profileinstaller:profileinstaller:1.3.0] AndroidManifest.xml:29:13-31:52
88                android:name="androidx.profileinstaller.ProfileInstallerInitializer"
88-->[androidx.profileinstaller:profileinstaller:1.3.0] AndroidManifest.xml:30:17-85
89                android:value="androidx.startup" />
89-->[androidx.profileinstaller:profileinstaller:1.3.0] AndroidManifest.xml:31:17-49
90        </provider>
91
92        <service
92-->[com.google.android.datatransport:transport-backend-cct:2.3.0] AndroidManifest.xml:29:9-35:19
93            android:name="com.google.android.datatransport.runtime.backends.TransportBackendDiscovery"
93-->[com.google.android.datatransport:transport-backend-cct:2.3.0] AndroidManifest.xml:30:13-103
94            android:exported="false" >
94-->[com.google.android.datatransport:transport-backend-cct:2.3.0] AndroidManifest.xml:31:13-37
95            <meta-data
95-->[com.google.android.datatransport:transport-backend-cct:2.3.0] AndroidManifest.xml:32:13-34:39
96                android:name="backend:com.google.android.datatransport.cct.CctBackendFactory"
96-->[com.google.android.datatransport:transport-backend-cct:2.3.0] AndroidManifest.xml:33:17-94
97                android:value="cct" />
97-->[com.google.android.datatransport:transport-backend-cct:2.3.0] AndroidManifest.xml:34:17-36
98        </service>
99        <service
99-->[com.google.android.datatransport:transport-runtime:2.2.3] AndroidManifest.xml:26:9-30:19
100            android:name="com.google.android.datatransport.runtime.scheduling.jobscheduling.JobInfoSchedulerService"
100-->[com.google.android.datatransport:transport-runtime:2.2.3] AndroidManifest.xml:27:13-117
101            android:exported="false"
101-->[com.google.android.datatransport:transport-runtime:2.2.3] AndroidManifest.xml:28:13-37
102            android:permission="android.permission.BIND_JOB_SERVICE" >
102-->[com.google.android.datatransport:transport-runtime:2.2.3] AndroidManifest.xml:29:13-69
103        </service>
104
105        <receiver
105-->[com.google.android.datatransport:transport-runtime:2.2.3] AndroidManifest.xml:32:9-34:40
106            android:name="com.google.android.datatransport.runtime.scheduling.jobscheduling.AlarmManagerSchedulerBroadcastReceiver"
106-->[com.google.android.datatransport:transport-runtime:2.2.3] AndroidManifest.xml:33:13-132
107            android:exported="false" />
107-->[com.google.android.datatransport:transport-runtime:2.2.3] AndroidManifest.xml:34:13-37
108        <receiver
108-->[androidx.profileinstaller:profileinstaller:1.3.0] AndroidManifest.xml:34:9-52:20
109            android:name="androidx.profileinstaller.ProfileInstallReceiver"
109-->[androidx.profileinstaller:profileinstaller:1.3.0] AndroidManifest.xml:35:13-76
110            android:directBootAware="false"
110-->[androidx.profileinstaller:profileinstaller:1.3.0] AndroidManifest.xml:36:13-44
111            android:enabled="true"
111-->[androidx.profileinstaller:profileinstaller:1.3.0] AndroidManifest.xml:37:13-35
112            android:exported="true"
112-->[androidx.profileinstaller:profileinstaller:1.3.0] AndroidManifest.xml:38:13-36
113            android:permission="android.permission.DUMP" >
113-->[androidx.profileinstaller:profileinstaller:1.3.0] AndroidManifest.xml:39:13-57
114            <intent-filter>
114-->[androidx.profileinstaller:profileinstaller:1.3.0] AndroidManifest.xml:40:13-42:29
115                <action android:name="androidx.profileinstaller.action.INSTALL_PROFILE" />
115-->[androidx.profileinstaller:profileinstaller:1.3.0] AndroidManifest.xml:41:17-91
115-->[androidx.profileinstaller:profileinstaller:1.3.0] AndroidManifest.xml:41:25-88
116            </intent-filter>
117            <intent-filter>
117-->[androidx.profileinstaller:profileinstaller:1.3.0] AndroidManifest.xml:43:13-45:29
118                <action android:name="androidx.profileinstaller.action.SKIP_FILE" />
118-->[androidx.profileinstaller:profileinstaller:1.3.0] AndroidManifest.xml:44:17-85
118-->[androidx.profileinstaller:profileinstaller:1.3.0] AndroidManifest.xml:44:25-82
119            </intent-filter>
120            <intent-filter>
120-->[androidx.profileinstaller:profileinstaller:1.3.0] AndroidManifest.xml:46:13-48:29
121                <action android:name="androidx.profileinstaller.action.SAVE_PROFILE" />
121-->[androidx.profileinstaller:profileinstaller:1.3.0] AndroidManifest.xml:47:17-88
121-->[androidx.profileinstaller:profileinstaller:1.3.0] AndroidManifest.xml:47:25-85
122            </intent-filter>
123            <intent-filter>
123-->[androidx.profileinstaller:profileinstaller:1.3.0] AndroidManifest.xml:49:13-51:29
124                <action android:name="androidx.profileinstaller.action.BENCHMARK_OPERATION" />
124-->[androidx.profileinstaller:profileinstaller:1.3.0] AndroidManifest.xml:50:17-95
124-->[androidx.profileinstaller:profileinstaller:1.3.0] AndroidManifest.xml:50:25-92
125            </intent-filter>
126        </receiver>
127    </application>
128
129</manifest>